2018-12-24 19:08:18.673 - Found in file: C:\Users\enemi\.projectsJava\out.txt
2018-12-24 19:08:18.673 - Contents of file: 
2018-12-24 19:08:18.673 - a | b | c | d | 
2018-12-24 19:08:18.688 - 19:08:18
			Mon Dec 24 19:07:31 EET 2018 RT @d3d4football: The @InStatFootball LEAGUE TWO TOTW⚽️

Featuring

Two @officialgtfc players
Two @ShrimpsOfficial men
+ One from @Official…
			null
			 Exeter City FC
__________________________________________________
2018-12-24 19:08:18.688 - 19:08:18
			Mon Dec 24 19:05:03 EET 2018 We were delighted to welcome residents from @CareSouthUK's homes across Dorset for a very special coffee morning at Vitality Stadium last week.

The full story... 📰👇

#afcb 🍒

https://t.co/qweC9yBnf4
			null
			 AFC Bournemouth
__________________________________________________
2018-12-24 19:08:18.688 - 19:08:18
			Mon Dec 24 19:04:53 EET 2018 RT @MENnewsdesk: It means some of the area's most vulnerable people will be alone and without somewhere to go on Christmas Day https://t.co…
			null
			 Curzon Ashton FC
__________________________________________________
2018-12-24 19:08:18.688 - 19:08:18
			Mon Dec 24 19:04:43 EET 2018 When you realise Boxing Day football is less than two days away... 💪

Bring on local rivals @BarnetFC at Meadow Park (1pm)

#WeAreTheWood https://t.co/A3Ht0YON4G
			null
			 Boreham Wood FC
__________________________________________________
2018-12-24 19:08:18.688 - 19:08:18
			Mon Dec 24 19:04:33 EET 2018 RT @HTFC_Supporters: An email update for the Supporter Player Fund has just gone out to confirmed donors. If you haven't got yours drop us…
			null
			 Hungerford Town FC
__________________________________________________
2018-12-24 19:08:18.688 - 19:08:18
			Mon Dec 24 19:04:21 EET 2018 Saturday in 6⃣0⃣ seconds

#BREBOL #BrentfordFC https://t.co/x8bIkw4bGR
			null
			 Brentford FC
__________________________________________________
2018-12-24 19:08:18.688 - 19:08:18
			Mon Dec 24 19:04:00 EET 2018 Want to win a #SaintsFC home shirt signed by the squad? 🙋‍♂️

Enter our latest competition ahead of the visit of #WHUFC in the #PL! https://t.co/SSHRb7f8Or
			null
			 Southampton FC
__________________________________________________
2018-12-24 19:08:18.688 - 19:08:18
			Mon Dec 24 19:03:43 EET 2018 🔎 Key Stats: @YTFC 

A look at the numbers behind both team's seasons so far ahead of Boxing Day's clash 👇

#ECFC https://t.co/gDOWdVf0xn
			null
			 Exeter City FC
__________________________________________________
2018-12-24 19:08:18.688 - 19:08:18
			Mon Dec 24 19:01:57 EET 2018 The guest on this week's #OldGoldClub needs little introduction - the one and only @MattMurray20! 

Join @MikeyBurrows and @chris_iwelumo for the #OldGoldClub Christmas special as they sit down with the former goalkeeper on Facebook and YouTube at 6pm tomorrow evening. 

🎄🎧 https://t.co/D12qHAQBuj
			null
			 Wolves
__________________________________________________
2018-12-24 19:08:18.688 - 19:08:18
			Mon Dec 24 19:01:17 EET 2018 🎄 MERRY CHRISTMAS

A huge thank you to everyone for their support in 2018, we hope you all have a fantastic day tomorrow! 

The players and management shared their thanks in a Christmas video which you can be viewed below!

▶️ https://t.co/AbEg4nDeI0]

#WeAreBromley https://t.co/exaSdmhUJf
			null
			 Bromley FC
__________________________________________________
2018-12-24 19:08:18.688 - 19:08:18
			Mon Dec 24 19:01:07 EET 2018 Read Martin’s Christmas message here 👇  https://t.co/KrimnQ45mX 🎄
			null
			 Chesterfield FC
__________________________________________________
2018-12-24 19:08:18.688 - 19:08:18
			Mon Dec 24 19:01:00 EET 2018 Double fitness boost ahead of our Boxing Day clash at Anfield.🔴

👇#LIVNEW team news👇

https://t.co/B6jcWPY3Pg
			null
			 Liverpool FC
__________________________________________________
2018-12-24 19:08:18.688 - 19:08:18
			Mon Dec 24 19:01:00 EET 2018 PREVIEW:  WHITES V @maidstoneunited

Andy Hessenthaler’s men will be aiming to make it four consecutive league wins at Crabble in Boxing Day’s Kent derby.

https://t.co/G0YFK6XXrE https://t.co/c5R56qSzJZ
			null
			 Dover Athletic FC
__________________________________________________
2018-12-24 19:08:18.688 - 19:08:18
			Mon Dec 24 19:00:48 EET 2018 Who else can't wait for Christmas Day? 🏀🎁 https://t.co/RfZVoFu706
			null
			 ESPN
__________________________________________________
2018-12-24 19:08:18.688 - 19:08:18
			Mon Dec 24 19:00:34 EET 2018 Eastleigh Football Club is delighted to announce the loan signing of Luke Southwood from @ReadingFC 

Luke is available for selection for our Boxing Day fixture and has been handed the number 1 shirt!

#LukeWhatSantaBrought 

#Spitfires https://t.co/gXo0ZnaUHd
			null
			 Eastleigh FC
__________________________________________________
2018-12-24 19:08:18.688 - 19:08:18
			Mon Dec 24 19:00:01 EET 2018 Don't forget, Canary fans in the UK can buy a match pass to watch City take on Nottingham Forest on Boxing Day through our iFollow service! #ncfc 

Click here to buy your match pass ➡️ https://t.co/8oiPaT9HnK https://t.co/oEqexQ0nR9
			null
			 Norwich City FC
__________________________________________________
2018-12-24 19:08:18.688 - 19:08:18
			Mon Dec 24 19:00:01 EET 2018 Good luck to young goalkeeper @lukesouthwood1 who has joined @EastleighFC on a one month loan. He could make his National League debut for the Spitfires at Havant & Waterlooville on Boxing Day! 👏 https://t.co/nzxwqOCtPR
			null
			 Reading FC
__________________________________________________
2018-12-24 19:08:18.688 - 19:08:18
			Mon Dec 24 19:00:01 EET 2018 - Team news 👥
- Opposition profile 🔎
- Head-to-head record 🤝
- Ref watch 👨‍⚖️

All you need to know ahead of the Boxing Day clash with Cheltenham Town 👇

https://t.co/BP3TLrEbj5
			null
			 MK Dons
__________________________________________________
2018-12-24 19:08:18.688 - 19:08:18
			Mon Dec 24 19:00:01 EET 2018 🔎 Read up on our next game, with more festive football on its way this Boxing Day! https://t.co/H8phCK6jQD
			null
			 Bristol Rovers
__________________________________________________
2018-12-24 19:08:18.688 - 19:08:18
			Mon Dec 24 19:00:01 EET 2018 Heading to Loftus Road on Boxing Day? Check out our away day guide for all the information you need 👇 #itfc
			null
			 Ipswich Town FC
__________________________________________________
