2018-12-24 19:17:26.748 - Found in file: C:\Users\enemi\.projectsJava\out.txt
2018-12-24 19:17:26.748 - Contents of file: 
2018-12-24 19:17:26.748 - a | b | c | d | 
2018-12-24 19:17:26.763 - 19:17:26
			Mon Dec 24 19:17:00 EET 2018 STATUS:🎁 BOXING DAY 🎁

We have a Kent derby this Boxing Day as we make the short journey down the M20 to take on Dover.

🖤💛 Up the Stones! 💛🖤 https://t.co/MwjhCyo3vw
			 LINK:null
			 
__________________________________________________
2018-12-24 19:17:26.763 - 19:17:26
			Mon Dec 24 19:15:14 EET 2018 STATUS:RT @rubendsneves_: Feliz Natal a todos, em especial à nossa família e amigos 🎅🏼❤️
R,D,M&M ❤️ https://t.co/pOIbrRjHZm
			 LINK:null
			 
__________________________________________________
2018-12-24 19:17:26.779 - 19:17:26
			Mon Dec 24 19:15:13 EET 2018 STATUS:💗 There is just about still time...

👉 https://t.co/a0MqIw0qv3 #cafc https://t.co/LVU1kU2qzG
			 LINK:QuotedStatusPermalinkJSONImpl{url='https://t.co/LVU1kU2qzG', expandedURL='https://twitter.com/lyletaylor90/status/1077248087989604353', displayURL='twitter.com/lyletaylor90/s…'}
			 
__________________________________________________
2018-12-24 19:17:26.779 - 19:17:26
			Mon Dec 24 19:14:23 EET 2018 STATUS:RT @withkisses_x: @TUFC1899 @TUCSTrust @TorbaySDevonNHS Ow yey! My boys are twitter famous! Thank you so much @TUFC1899 it was a great expe…
			 LINK:null
			 
__________________________________________________
2018-12-24 19:17:26.779 - 19:17:26
			Mon Dec 24 19:14:16 EET 2018 STATUS:RT @emzp14: A lovely afternoon the Louisa Cary Children’s Ward. A difficult time of year to be in hospital. A pleasure to be involved and h…
			 LINK:QuotedStatusPermalinkJSONImpl{url='https://t.co/3Cgx1WMhAx', expandedURL='https://twitter.com/tufc1899/status/1077245482496376832', displayURL='twitter.com/tufc1899/statu…'}
			 
__________________________________________________
2018-12-24 19:17:26.779 - 19:17:26
			Mon Dec 24 19:13:34 EET 2018 STATUS:🎄The management, board, directors, players & staff of Gloucester City AFC would like to wish all our fantastic supporters wonderful & volunteers a very Merry Christmas 🎄 https://t.co/q1XpEDWz0n
			 LINK:null
			 
__________________________________________________
2018-12-24 19:17:26.779 - 19:17:26
			Mon Dec 24 19:10:23 EET 2018 STATUS:RT @Danny_Rust10: Concord Rangers player-manager gives his honest views on the first half of the season @ConcordRangers https://t.co/fkWxH5…
			 LINK:null
			 
__________________________________________________
2018-12-24 19:17:26.779 - 19:17:26
			Mon Dec 24 19:10:00 EET 2018 STATUS:👍 | Thank you to Terra Firma for their sponsorship of the game with Bradford (Park Avenue). 

We'll see you in the 1909 Suite on Boxing Day! #GAFC #GuiseleyTogether https://t.co/ur9S79rin8
			 LINK:null
			 
__________________________________________________
2018-12-24 19:17:26.779 - 19:17:26
			Mon Dec 24 19:09:25 EET 2018 STATUS:RT @lukesouthwood1: Buzzing to be Joining @EastleighFC on Loan🙌🏼 Can’t wait to get Going Boxing Day 😈⚽️ https://t.co/CMvehnt9ig
			 LINK:QuotedStatusPermalinkJSONImpl{url='https://t.co/CMvehnt9ig', expandedURL='https://twitter.com/readingfc/status/1077247537336250368', displayURL='twitter.com/readingfc/stat…'}
			 
__________________________________________________
2018-12-24 19:17:26.779 - 19:17:26
			Mon Dec 24 19:07:31 EET 2018 STATUS:RT @d3d4football: The @InStatFootball LEAGUE TWO TOTW⚽️

Featuring

Two @officialgtfc players
Two @ShrimpsOfficial men
+ One from @Official…
			 LINK:null
			 
__________________________________________________
2018-12-24 19:17:26.779 - 19:17:26
			Mon Dec 24 19:05:03 EET 2018 STATUS:We were delighted to welcome residents from @CareSouthUK's homes across Dorset for a very special coffee morning at Vitality Stadium last week.

The full story... 📰👇

#afcb 🍒

https://t.co/qweC9yBnf4
			 LINK:null
			 
__________________________________________________
2018-12-24 19:17:26.779 - 19:17:26
			Mon Dec 24 19:04:53 EET 2018 STATUS:RT @MENnewsdesk: It means some of the area's most vulnerable people will be alone and without somewhere to go on Christmas Day https://t.co…
			 LINK:null
			 
__________________________________________________
2018-12-24 19:17:26.795 - 19:17:26
			Mon Dec 24 19:04:43 EET 2018 STATUS:When you realise Boxing Day football is less than two days away... 💪

Bring on local rivals @BarnetFC at Meadow Park (1pm)

#WeAreTheWood https://t.co/A3Ht0YON4G
			 LINK:null
			 
__________________________________________________
2018-12-24 19:17:26.795 - 19:17:26
			Mon Dec 24 19:04:33 EET 2018 STATUS:RT @HTFC_Supporters: An email update for the Supporter Player Fund has just gone out to confirmed donors. If you haven't got yours drop us…
			 LINK:null
			 
__________________________________________________
2018-12-24 19:17:26.795 - 19:17:26
			Mon Dec 24 19:04:21 EET 2018 STATUS:Saturday in 6⃣0⃣ seconds

#BREBOL #BrentfordFC https://t.co/x8bIkw4bGR
			 LINK:null
			 
__________________________________________________
2018-12-24 19:17:26.795 - 19:17:26
			Mon Dec 24 19:04:00 EET 2018 STATUS:Want to win a #SaintsFC home shirt signed by the squad? 🙋‍♂️

Enter our latest competition ahead of the visit of #WHUFC in the #PL! https://t.co/SSHRb7f8Or
			 LINK:null
			 
__________________________________________________
2018-12-24 19:17:26.795 - 19:17:26
			Mon Dec 24 19:03:43 EET 2018 STATUS:🔎 Key Stats: @YTFC 

A look at the numbers behind both team's seasons so far ahead of Boxing Day's clash 👇

#ECFC https://t.co/gDOWdVf0xn
			 LINK:null
			 
__________________________________________________
2018-12-24 19:17:26.795 - 19:17:26
			Mon Dec 24 19:01:57 EET 2018 STATUS:The guest on this week's #OldGoldClub needs little introduction - the one and only @MattMurray20! 

Join @MikeyBurrows and @chris_iwelumo for the #OldGoldClub Christmas special as they sit down with the former goalkeeper on Facebook and YouTube at 6pm tomorrow evening. 

🎄🎧 https://t.co/D12qHAQBuj
			 LINK:null
			 
__________________________________________________
2018-12-24 19:17:26.795 - 19:17:26
			Mon Dec 24 19:01:17 EET 2018 STATUS:🎄 MERRY CHRISTMAS

A huge thank you to everyone for their support in 2018, we hope you all have a fantastic day tomorrow! 

The players and management shared their thanks in a Christmas video which you can be viewed below!

▶️ https://t.co/AbEg4nDeI0]

#WeAreBromley https://t.co/exaSdmhUJf
			 LINK:null
			 
__________________________________________________
2018-12-24 19:17:26.795 - 19:17:26
			Mon Dec 24 19:01:07 EET 2018 STATUS:Read Martin’s Christmas message here 👇  https://t.co/KrimnQ45mX 🎄
			 LINK:null
			 
__________________________________________________
